<?xml version="1.0" encoding="UTF-8"?>
<!-- Generated by org.testng.reporters.JUnitReportReporter -->
<testsuite skipped="0" hostname="emdadripons-Air.fios-router.home" name="pagetests.DoctorsAndLocationPageTest" tests="2" failures="0" timestamp="2020-02-01T13:23:04 EST" time="39.975" errors="0">
  <testcase name="searchDoctors" time="25.441" classname="pagetests.DoctorsAndLocationPageTest"/>
  <system-out/>
  <testcase name="searchDoctorsAndLocation" time="14.534" classname="pagetests.DoctorsAndLocationPageTest"/>
  <system-out/>
</testsuite> <!-- pagetests.DoctorsAndLocationPageTest -->
