<?xml version="1.0" encoding="UTF-8"?>
<!-- Generated by org.testng.reporters.JUnitReportReporter -->
<testsuite skipped="0" hostname="emdadripons-Air.fios-router.home" name="pagetests.LoginTest" tests="10" failures="0" timestamp="2020-02-01T18:09:06 EST" time="197.362" errors="0">
  <testcase name="findCareLink" time="15.635" classname="pagetests.LoginTest"/>
  <system-out/>
  <testcase name="toolTip" time="14.318" classname="pagetests.LoginTest"/>
  <system-out/>
  <testcase name="loginToApp" time="12.046" classname="pagetests.LoginTest"/>
  <system-out/>
  <testcase name="verifyImage" time="18.403" classname="pagetests.LoginTest"/>
  <system-out/>
  <testcase name="OurOrganigationLinks" time="16.914" classname="pagetests.LoginTest"/>
  <system-out/>
  <testcase name="toolTipLink" time="10.858" classname="pagetests.LoginTest"/>
  <system-out/>
  <testcase name="verifyText" time="13.168" classname="pagetests.LoginTest"/>
  <system-out/>
  <testcase name="topImage" time="18.491" classname="pagetests.LoginTest"/>
  <system-out/>
  <testcase name="hiroImageHeadLine" time="13.206" classname="pagetests.LoginTest"/>
  <system-out/>
  <testcase name="subHeading" time="64.323" classname="pagetests.LoginTest"/>
  <system-out/>
</testsuite> <!-- pagetests.LoginTest -->
