<?xml version="1.0" encoding="UTF-8"?>
<!-- Generated by org.testng.reporters.JUnitReportReporter -->
<testsuite skipped="0" hostname="emdadripons-Air.fios-router.home" name="pagetests.LoginTest" tests="10" failures="0" timestamp="2020-02-01T17:33:09 EST" time="176.936" errors="0">
  <testcase name="toolTipLink" time="13.058" classname="pagetests.LoginTest"/>
  <system-out/>
  <testcase name="loginToApp" time="74.222" classname="pagetests.LoginTest"/>
  <system-out/>
  <testcase name="findCareLink" time="9.597" classname="pagetests.LoginTest"/>
  <system-out/>
  <testcase name="verifyText" time="9.384" classname="pagetests.LoginTest"/>
  <system-out/>
  <testcase name="toolTip" time="9.536" classname="pagetests.LoginTest"/>
  <system-out/>
  <testcase name="OurOrganigationLinks" time="9.567" classname="pagetests.LoginTest"/>
  <system-out/>
  <testcase name="verifyImage" time="12.766" classname="pagetests.LoginTest"/>
  <system-out/>
  <testcase name="topImage" time="12.743" classname="pagetests.LoginTest"/>
  <system-out/>
  <testcase name="hiroImageHeadLine" time="16.685" classname="pagetests.LoginTest"/>
  <system-out/>
  <testcase name="subHeading" time="9.378" classname="pagetests.LoginTest"/>
  <system-out/>
</testsuite> <!-- pagetests.LoginTest -->
